<?xml version="1.0" encoding="UTF-8"?>
<testsuite xmlns:xsi="http://www.w3.org/2001/XMLSchema-instance" xsi:noNamespaceSchemaLocation="https://maven.apache.org/surefire/maven-surefire-plugin/xsd/surefire-test-report.xsd" name="com.dms.DeliveryStatusApplicationTests" time="0.498" tests="1" errors="0" skipped="0" failures="0">
  <properties>
    <property name="sun.desktop" value="windows"/>
    <property name="awt.toolkit" value="sun.awt.windows.WToolkit"/>
    <property name="file.encoding.pkg" value="sun.io"/>
    <property name="java.specification.version" value="1.8"/>
    <property name="sun.cpu.isalist" value="pentium_pro+mmx pentium_pro pentium+mmx pentium i486 i386 i86"/>
    <property name="sun.jnu.encoding" value="Cp1256"/>
    <property name="java.class.path" value="E:\E\reposirory\deliveryStatus\target\test-classes;E:\E\reposirory\deliveryStatus\target\classes;E:\maven_repo\org\springframework\boot\spring-boot-starter-data-jpa\2.1.8.RELEASE\spring-boot-starter-data-jpa-2.1.8.RELEASE.jar;E:\maven_repo\org\springframework\boot\spring-boot-starter-aop\2.1.8.RELEASE\spring-boot-starter-aop-2.1.8.RELEASE.jar;E:\maven_repo\org\springframework\spring-aop\5.1.9.RELEASE\spring-aop-5.1.9.RELEASE.jar;E:\maven_repo\org\aspectj\aspectjweaver\1.9.4\aspectjweaver-1.9.4.jar;E:\maven_repo\org\springframework\boot\spring-boot-starter-jdbc\2.1.8.RELEASE\spring-boot-starter-jdbc-2.1.8.RELEASE.jar;E:\maven_repo\com\zaxxer\HikariCP\3.2.0\HikariCP-3.2.0.jar;E:\maven_repo\org\springframework\spring-jdbc\5.1.9.RELEASE\spring-jdbc-5.1.9.RELEASE.jar;E:\maven_repo\javax\transaction\javax.transaction-api\1.3\javax.transaction-api-1.3.jar;E:\maven_repo\javax\xml\bind\jaxb-api\2.3.1\jaxb-api-2.3.1.jar;E:\maven_repo\javax\activation\javax.activation-api\1.2.0\javax.activation-api-1.2.0.jar;E:\maven_repo\org\hibernate\hibernate-core\5.3.11.Final\hibernate-core-5.3.11.Final.jar;E:\maven_repo\org\jboss\logging\jboss-logging\3.3.3.Final\jboss-logging-3.3.3.Final.jar;E:\maven_repo\javax\persistence\javax.persistence-api\2.2\javax.persistence-api-2.2.jar;E:\maven_repo\org\javassist\javassist\3.23.2-GA\javassist-3.23.2-GA.jar;E:\maven_repo\net\bytebuddy\byte-buddy\1.9.16\byte-buddy-1.9.16.jar;E:\maven_repo\antlr\antlr\2.7.7\antlr-2.7.7.jar;E:\maven_repo\org\jboss\jandex\2.0.5.Final\jandex-2.0.5.Final.jar;E:\maven_repo\com\fasterxml\classmate\1.4.0\classmate-1.4.0.jar;E:\maven_repo\org\dom4j\dom4j\2.1.1\dom4j-2.1.1.jar;E:\maven_repo\org\hibernate\common\hibernate-commons-annotations\5.0.4.Final\hibernate-commons-annotations-5.0.4.Final.jar;E:\maven_repo\org\springframework\data\spring-data-jpa\2.1.10.RELEASE\spring-data-jpa-2.1.10.RELEASE.jar;E:\maven_repo\org\springframework\data\spring-data-commons\2.1.10.RELEASE\spring-data-commons-2.1.10.RELEASE.jar;E:\maven_repo\org\springframework\spring-orm\5.1.9.RELEASE\spring-orm-5.1.9.RELEASE.jar;E:\maven_repo\org\springframework\spring-context\5.1.9.RELEASE\spring-context-5.1.9.RELEASE.jar;E:\maven_repo\org\springframework\spring-tx\5.1.9.RELEASE\spring-tx-5.1.9.RELEASE.jar;E:\maven_repo\org\springframework\spring-beans\5.1.9.RELEASE\spring-beans-5.1.9.RELEASE.jar;E:\maven_repo\org\slf4j\slf4j-api\1.7.28\slf4j-api-1.7.28.jar;E:\maven_repo\org\springframework\spring-aspects\5.1.9.RELEASE\spring-aspects-5.1.9.RELEASE.jar;E:\maven_repo\org\springframework\boot\spring-boot-starter-web\2.1.8.RELEASE\spring-boot-starter-web-2.1.8.RELEASE.jar;E:\maven_repo\org\springframework\boot\spring-boot-starter\2.1.8.RELEASE\spring-boot-starter-2.1.8.RELEASE.jar;E:\maven_repo\org\springframework\boot\spring-boot\2.1.8.RELEASE\spring-boot-2.1.8.RELEASE.jar;E:\maven_repo\org\springframework\boot\spring-boot-autoconfigure\2.1.8.RELEASE\spring-boot-autoconfigure-2.1.8.RELEASE.jar;E:\maven_repo\org\springframework\boot\spring-boot-starter-logging\2.1.8.RELEASE\spring-boot-starter-logging-2.1.8.RELEASE.jar;E:\maven_repo\ch\qos\logback\logback-classic\1.2.3\logback-classic-1.2.3.jar;E:\maven_repo\ch\qos\logback\logback-core\1.2.3\logback-core-1.2.3.jar;E:\maven_repo\org\apache\logging\log4j\log4j-to-slf4j\2.11.2\log4j-to-slf4j-2.11.2.jar;E:\maven_repo\org\apache\logging\log4j\log4j-api\2.11.2\log4j-api-2.11.2.jar;E:\maven_repo\org\slf4j\jul-to-slf4j\1.7.28\jul-to-slf4j-1.7.28.jar;E:\maven_repo\org\yaml\snakeyaml\1.23\snakeyaml-1.23.jar;E:\maven_repo\org\springframework\boot\spring-boot-starter-json\2.1.8.RELEASE\spring-boot-starter-json-2.1.8.RELEASE.jar;E:\maven_repo\com\fasterxml\jackson\core\jackson-databind\2.9.9.3\jackson-databind-2.9.9.3.jar;E:\maven_repo\com\fasterxml\jackson\core\jackson-annotations\2.9.0\jackson-annotations-2.9.0.jar;E:\maven_repo\com\fasterxml\jackson\core\jackson-core\2.9.9\jackson-core-2.9.9.jar;E:\maven_repo\com\fasterxml\jackson\datatype\jackson-datatype-jdk8\2.9.9\jackson-datatype-jdk8-2.9.9.jar;E:\maven_repo\com\fasterxml\jackson\datatype\jackson-datatype-jsr310\2.9.9\jackson-datatype-jsr310-2.9.9.jar;E:\maven_repo\com\fasterxml\jackson\module\jackson-module-parameter-names\2.9.9\jackson-module-parameter-names-2.9.9.jar;E:\maven_repo\org\hibernate\validator\hibernate-validator\6.0.17.Final\hibernate-validator-6.0.17.Final.jar;E:\maven_repo\javax\validation\validation-api\2.0.1.Final\validation-api-2.0.1.Final.jar;E:\maven_repo\org\springframework\spring-web\5.1.9.RELEASE\spring-web-5.1.9.RELEASE.jar;E:\maven_repo\org\springframework\spring-webmvc\5.1.9.RELEASE\spring-webmvc-5.1.9.RELEASE.jar;E:\maven_repo\org\springframework\spring-expression\5.1.9.RELEASE\spring-expression-5.1.9.RELEASE.jar;E:\maven_repo\org\springframework\boot\spring-boot-starter-tomcat\2.1.8.RELEASE\spring-boot-starter-tomcat-2.1.8.RELEASE.jar;E:\maven_repo\javax\annotation\javax.annotation-api\1.3.2\javax.annotation-api-1.3.2.jar;E:\maven_repo\org\apache\tomcat\embed\tomcat-embed-core\9.0.24\tomcat-embed-core-9.0.24.jar;E:\maven_repo\org\apache\tomcat\embed\tomcat-embed-el\9.0.24\tomcat-embed-el-9.0.24.jar;E:\maven_repo\org\apache\tomcat\embed\tomcat-embed-websocket\9.0.24\tomcat-embed-websocket-9.0.24.jar;E:\maven_repo\com\h2database\h2\1.4.199\h2-1.4.199.jar;E:\maven_repo\com\oracle\oracle\11.2.0.3.0\oracle-11.2.0.3.0.jar;E:\maven_repo\org\springframework\boot\spring-boot-starter-test\2.1.8.RELEASE\spring-boot-starter-test-2.1.8.RELEASE.jar;E:\maven_repo\org\springframework\boot\spring-boot-test\2.1.8.RELEASE\spring-boot-test-2.1.8.RELEASE.jar;E:\maven_repo\org\springframework\boot\spring-boot-test-autoconfigure\2.1.8.RELEASE\spring-boot-test-autoconfigure-2.1.8.RELEASE.jar;E:\maven_repo\com\jayway\jsonpath\json-path\2.4.0\json-path-2.4.0.jar;E:\maven_repo\net\minidev\json-smart\2.3\json-smart-2.3.jar;E:\maven_repo\net\minidev\accessors-smart\1.2\accessors-smart-1.2.jar;E:\maven_repo\org\ow2\asm\asm\5.0.4\asm-5.0.4.jar;E:\maven_repo\junit\junit\4.12\junit-4.12.jar;E:\maven_repo\org\assertj\assertj-core\3.11.1\assertj-core-3.11.1.jar;E:\maven_repo\org\mockito\mockito-core\2.23.4\mockito-core-2.23.4.jar;E:\maven_repo\net\bytebuddy\byte-buddy-agent\1.9.16\byte-buddy-agent-1.9.16.jar;E:\maven_repo\org\objenesis\objenesis\2.6\objenesis-2.6.jar;E:\maven_repo\org\hamcrest\hamcrest-core\1.3\hamcrest-core-1.3.jar;E:\maven_repo\org\hamcrest\hamcrest-library\1.3\hamcrest-library-1.3.jar;E:\maven_repo\org\skyscreamer\jsonassert\1.5.0\jsonassert-1.5.0.jar;E:\maven_repo\com\vaadin\external\google\android-json\0.0.20131108.vaadin1\android-json-0.0.20131108.vaadin1.jar;E:\maven_repo\org\springframework\spring-core\5.1.9.RELEASE\spring-core-5.1.9.RELEASE.jar;E:\maven_repo\org\springframework\spring-jcl\5.1.9.RELEASE\spring-jcl-5.1.9.RELEASE.jar;E:\maven_repo\org\springframework\spring-test\5.1.9.RELEASE\spring-test-5.1.9.RELEASE.jar;E:\maven_repo\org\xmlunit\xmlunit-core\2.6.3\xmlunit-core-2.6.3.jar;"/>
    <property name="java.vm.vendor" value="Oracle Corporation"/>
    <property name="sun.arch.data.model" value="32"/>
    <property name="user.variant" value=""/>
    <property name="java.vendor.url" value="http://java.oracle.com/"/>
    <property name="user.timezone" value="Africa/Cairo"/>
    <property name="user.country.format" value="EG"/>
    <property name="java.vm.specification.version" value="1.8"/>
    <property name="os.name" value="Windows 10"/>
    <property name="user.country" value="US"/>
    <property name="sun.java.launcher" value="SUN_STANDARD"/>
    <property name="sun.boot.library.path" value="C:\Program Files (x86)\Java\jdk1.8.0_65\jre\bin"/>
    <property name="sun.java.command" value="C:\Users\DEV\AppData\Local\Temp\surefire1334640233108277639\surefirebooter5964872293611876789.jar C:\Users\DEV\AppData\Local\Temp\surefire1334640233108277639 2023-02-03T21-42-00_630-jvmRun1 surefire6511680175498383455tmp surefire_09029785027495218462tmp"/>
    <property name="surefire.test.class.path" value="E:\E\reposirory\deliveryStatus\target\test-classes;E:\E\reposirory\deliveryStatus\target\classes;E:\maven_repo\org\springframework\boot\spring-boot-starter-data-jpa\2.1.8.RELEASE\spring-boot-starter-data-jpa-2.1.8.RELEASE.jar;E:\maven_repo\org\springframework\boot\spring-boot-starter-aop\2.1.8.RELEASE\spring-boot-starter-aop-2.1.8.RELEASE.jar;E:\maven_repo\org\springframework\spring-aop\5.1.9.RELEASE\spring-aop-5.1.9.RELEASE.jar;E:\maven_repo\org\aspectj\aspectjweaver\1.9.4\aspectjweaver-1.9.4.jar;E:\maven_repo\org\springframework\boot\spring-boot-starter-jdbc\2.1.8.RELEASE\spring-boot-starter-jdbc-2.1.8.RELEASE.jar;E:\maven_repo\com\zaxxer\HikariCP\3.2.0\HikariCP-3.2.0.jar;E:\maven_repo\org\springframework\spring-jdbc\5.1.9.RELEASE\spring-jdbc-5.1.9.RELEASE.jar;E:\maven_repo\javax\transaction\javax.transaction-api\1.3\javax.transaction-api-1.3.jar;E:\maven_repo\javax\xml\bind\jaxb-api\2.3.1\jaxb-api-2.3.1.jar;E:\maven_repo\javax\activation\javax.activation-api\1.2.0\javax.activation-api-1.2.0.jar;E:\maven_repo\org\hibernate\hibernate-core\5.3.11.Final\hibernate-core-5.3.11.Final.jar;E:\maven_repo\org\jboss\logging\jboss-logging\3.3.3.Final\jboss-logging-3.3.3.Final.jar;E:\maven_repo\javax\persistence\javax.persistence-api\2.2\javax.persistence-api-2.2.jar;E:\maven_repo\org\javassist\javassist\3.23.2-GA\javassist-3.23.2-GA.jar;E:\maven_repo\net\bytebuddy\byte-buddy\1.9.16\byte-buddy-1.9.16.jar;E:\maven_repo\antlr\antlr\2.7.7\antlr-2.7.7.jar;E:\maven_repo\org\jboss\jandex\2.0.5.Final\jandex-2.0.5.Final.jar;E:\maven_repo\com\fasterxml\classmate\1.4.0\classmate-1.4.0.jar;E:\maven_repo\org\dom4j\dom4j\2.1.1\dom4j-2.1.1.jar;E:\maven_repo\org\hibernate\common\hibernate-commons-annotations\5.0.4.Final\hibernate-commons-annotations-5.0.4.Final.jar;E:\maven_repo\org\springframework\data\spring-data-jpa\2.1.10.RELEASE\spring-data-jpa-2.1.10.RELEASE.jar;E:\maven_repo\org\springframework\data\spring-data-commons\2.1.10.RELEASE\spring-data-commons-2.1.10.RELEASE.jar;E:\maven_repo\org\springframework\spring-orm\5.1.9.RELEASE\spring-orm-5.1.9.RELEASE.jar;E:\maven_repo\org\springframework\spring-context\5.1.9.RELEASE\spring-context-5.1.9.RELEASE.jar;E:\maven_repo\org\springframework\spring-tx\5.1.9.RELEASE\spring-tx-5.1.9.RELEASE.jar;E:\maven_repo\org\springframework\spring-beans\5.1.9.RELEASE\spring-beans-5.1.9.RELEASE.jar;E:\maven_repo\org\slf4j\slf4j-api\1.7.28\slf4j-api-1.7.28.jar;E:\maven_repo\org\springframework\spring-aspects\5.1.9.RELEASE\spring-aspects-5.1.9.RELEASE.jar;E:\maven_repo\org\springframework\boot\spring-boot-starter-web\2.1.8.RELEASE\spring-boot-starter-web-2.1.8.RELEASE.jar;E:\maven_repo\org\springframework\boot\spring-boot-starter\2.1.8.RELEASE\spring-boot-starter-2.1.8.RELEASE.jar;E:\maven_repo\org\springframework\boot\spring-boot\2.1.8.RELEASE\spring-boot-2.1.8.RELEASE.jar;E:\maven_repo\org\springframework\boot\spring-boot-autoconfigure\2.1.8.RELEASE\spring-boot-autoconfigure-2.1.8.RELEASE.jar;E:\maven_repo\org\springframework\boot\spring-boot-starter-logging\2.1.8.RELEASE\spring-boot-starter-logging-2.1.8.RELEASE.jar;E:\maven_repo\ch\qos\logback\logback-classic\1.2.3\logback-classic-1.2.3.jar;E:\maven_repo\ch\qos\logback\logback-core\1.2.3\logback-core-1.2.3.jar;E:\maven_repo\org\apache\logging\log4j\log4j-to-slf4j\2.11.2\log4j-to-slf4j-2.11.2.jar;E:\maven_repo\org\apache\logging\log4j\log4j-api\2.11.2\log4j-api-2.11.2.jar;E:\maven_repo\org\slf4j\jul-to-slf4j\1.7.28\jul-to-slf4j-1.7.28.jar;E:\maven_repo\org\yaml\snakeyaml\1.23\snakeyaml-1.23.jar;E:\maven_repo\org\springframework\boot\spring-boot-starter-json\2.1.8.RELEASE\spring-boot-starter-json-2.1.8.RELEASE.jar;E:\maven_repo\com\fasterxml\jackson\core\jackson-databind\2.9.9.3\jackson-databind-2.9.9.3.jar;E:\maven_repo\com\fasterxml\jackson\core\jackson-annotations\2.9.0\jackson-annotations-2.9.0.jar;E:\maven_repo\com\fasterxml\jackson\core\jackson-core\2.9.9\jackson-core-2.9.9.jar;E:\maven_repo\com\fasterxml\jackson\datatype\jackson-datatype-jdk8\2.9.9\jackson-datatype-jdk8-2.9.9.jar;E:\maven_repo\com\fasterxml\jackson\datatype\jackson-datatype-jsr310\2.9.9\jackson-datatype-jsr310-2.9.9.jar;E:\maven_repo\com\fasterxml\jackson\module\jackson-module-parameter-names\2.9.9\jackson-module-parameter-names-2.9.9.jar;E:\maven_repo\org\hibernate\validator\hibernate-validator\6.0.17.Final\hibernate-validator-6.0.17.Final.jar;E:\maven_repo\javax\validation\validation-api\2.0.1.Final\validation-api-2.0.1.Final.jar;E:\maven_repo\org\springframework\spring-web\5.1.9.RELEASE\spring-web-5.1.9.RELEASE.jar;E:\maven_repo\org\springframework\spring-webmvc\5.1.9.RELEASE\spring-webmvc-5.1.9.RELEASE.jar;E:\maven_repo\org\springframework\spring-expression\5.1.9.RELEASE\spring-expression-5.1.9.RELEASE.jar;E:\maven_repo\org\springframework\boot\spring-boot-starter-tomcat\2.1.8.RELEASE\spring-boot-starter-tomcat-2.1.8.RELEASE.jar;E:\maven_repo\javax\annotation\javax.annotation-api\1.3.2\javax.annotation-api-1.3.2.jar;E:\maven_repo\org\apache\tomcat\embed\tomcat-embed-core\9.0.24\tomcat-embed-core-9.0.24.jar;E:\maven_repo\org\apache\tomcat\embed\tomcat-embed-el\9.0.24\tomcat-embed-el-9.0.24.jar;E:\maven_repo\org\apache\tomcat\embed\tomcat-embed-websocket\9.0.24\tomcat-embed-websocket-9.0.24.jar;E:\maven_repo\com\h2database\h2\1.4.199\h2-1.4.199.jar;E:\maven_repo\com\oracle\oracle\11.2.0.3.0\oracle-11.2.0.3.0.jar;E:\maven_repo\org\springframework\boot\spring-boot-starter-test\2.1.8.RELEASE\spring-boot-starter-test-2.1.8.RELEASE.jar;E:\maven_repo\org\springframework\boot\spring-boot-test\2.1.8.RELEASE\spring-boot-test-2.1.8.RELEASE.jar;E:\maven_repo\org\springframework\boot\spring-boot-test-autoconfigure\2.1.8.RELEASE\spring-boot-test-autoconfigure-2.1.8.RELEASE.jar;E:\maven_repo\com\jayway\jsonpath\json-path\2.4.0\json-path-2.4.0.jar;E:\maven_repo\net\minidev\json-smart\2.3\json-smart-2.3.jar;E:\maven_repo\net\minidev\accessors-smart\1.2\accessors-smart-1.2.jar;E:\maven_repo\org\ow2\asm\asm\5.0.4\asm-5.0.4.jar;E:\maven_repo\junit\junit\4.12\junit-4.12.jar;E:\maven_repo\org\assertj\assertj-core\3.11.1\assertj-core-3.11.1.jar;E:\maven_repo\org\mockito\mockito-core\2.23.4\mockito-core-2.23.4.jar;E:\maven_repo\net\bytebuddy\byte-buddy-agent\1.9.16\byte-buddy-agent-1.9.16.jar;E:\maven_repo\org\objenesis\objenesis\2.6\objenesis-2.6.jar;E:\maven_repo\org\hamcrest\hamcrest-core\1.3\hamcrest-core-1.3.jar;E:\maven_repo\org\hamcrest\hamcrest-library\1.3\hamcrest-library-1.3.jar;E:\maven_repo\org\skyscreamer\jsonassert\1.5.0\jsonassert-1.5.0.jar;E:\maven_repo\com\vaadin\external\google\android-json\0.0.20131108.vaadin1\android-json-0.0.20131108.vaadin1.jar;E:\maven_repo\org\springframework\spring-core\5.1.9.RELEASE\spring-core-5.1.9.RELEASE.jar;E:\maven_repo\org\springframework\spring-jcl\5.1.9.RELEASE\spring-jcl-5.1.9.RELEASE.jar;E:\maven_repo\org\springframework\spring-test\5.1.9.RELEASE\spring-test-5.1.9.RELEASE.jar;E:\maven_repo\org\xmlunit\xmlunit-core\2.6.3\xmlunit-core-2.6.3.jar;"/>
    <property name="sun.cpu.endian" value="little"/>
    <property name="user.home" value="C:\Users\DEV"/>
    <property name="user.language" value="en"/>
    <property name="java.specification.vendor" value="Oracle Corporation"/>
    <property name="java.home" value="C:\Program Files (x86)\Java\jdk1.8.0_65\jre"/>
    <property name="basedir" value="E:\E\reposirory\deliveryStatus"/>
    <property name="file.separator" value="\"/>
    <property name="line.separator" value="&#10;"/>
    <property name="java.vm.specification.vendor" value="Oracle Corporation"/>
    <property name="java.specification.name" value="Java Platform API Specification"/>
    <property name="java.awt.graphicsenv" value="sun.awt.Win32GraphicsEnvironment"/>
    <property name="surefire.real.class.path" value="C:\Users\DEV\AppData\Local\Temp\surefire1334640233108277639\surefirebooter5964872293611876789.jar"/>
    <property name="sun.boot.class.path" value="C:\Program Files (x86)\Java\jdk1.8.0_65\jre\lib\resources.jar;C:\Program Files (x86)\Java\jdk1.8.0_65\jre\lib\rt.jar;C:\Program Files (x86)\Java\jdk1.8.0_65\jre\lib\sunrsasign.jar;C:\Program Files (x86)\Java\jdk1.8.0_65\jre\lib\jsse.jar;C:\Program Files (x86)\Java\jdk1.8.0_65\jre\lib\jce.jar;C:\Program Files (x86)\Java\jdk1.8.0_65\jre\lib\charsets.jar;C:\Program Files (x86)\Java\jdk1.8.0_65\jre\lib\jfr.jar;C:\Program Files (x86)\Java\jdk1.8.0_65\jre\classes"/>
    <property name="user.script" value=""/>
    <property name="sun.management.compiler" value="HotSpot Client Compiler"/>
    <property name="java.runtime.version" value="1.8.0_65-b17"/>
    <property name="user.name" value="DEV"/>
    <property name="path.separator" value=";"/>
    <property name="os.version" value="10.0"/>
    <property name="java.endorsed.dirs" value="C:\Program Files (x86)\Java\jdk1.8.0_65\jre\lib\endorsed"/>
    <property name="java.runtime.name" value="Java(TM) SE Runtime Environment"/>
    <property name="file.encoding" value="Cp1256"/>
    <property name="java.vm.name" value="Java HotSpot(TM) Client VM"/>
    <property name="localRepository" value="E:\maven_repo"/>
    <property name="java.vendor.url.bug" value="http://bugreport.sun.com/bugreport/"/>
    <property name="java.io.tmpdir" value="C:\Users\DEV\AppData\Local\Temp\"/>
    <property name="java.version" value="1.8.0_65"/>
    <property name="user.dir" value="E:\E\reposirory\deliveryStatus"/>
    <property name="os.arch" value="x86"/>
    <property name="java.vm.specification.name" value="Java Virtual Machine Specification"/>
    <property name="java.awt.printerjob" value="sun.awt.windows.WPrinterJob"/>
    <property name="user.language.format" value="ar"/>
    <property name="sun.os.patch.level" value=""/>
    <property name="java.library.path" value="C:\Program Files (x86)\Java\jdk1.8.0_65\jre\bin;C:\WINDOWS\Sun\Java\bin;C:\WINDOWS\system32;C:\WINDOWS;C:/Program Files (x86)/Java/jdk1.8.0_65/bin/../jre/bin/client;C:/Program Files (x86)/Java/jdk1.8.0_65/bin/../jre/bin;C:/Program Files (x86)/Java/jdk1.8.0_65/bin/../jre/lib/i386;C:\Program Files (x86)\Java\jdk1.8.0_65\bin;d:\dev10g_home\jlib;C:\ProgramData\Oracle\Java\javapath;C:\WINDOWS\system32;C:\WINDOWS;C:\WINDOWS\System32\Wbem;C:\WINDOWS\System32\WindowsPowerShell\v1.0\;C:\WINDOWS\System32\OpenSSH\;d:\dev10g_home\jdk\jre\bin;d:\dev10g_home\jdk\jre\bin\classic;d:\dev10g_home\jdk\jre\bin\client;d:\dev10g_home\bin;D:\apache-maven-3.8.4\bin;C:\Program Files\Git\cmd;C:\Program Files\OpenSSL-Win64\bin;E:\flutter\bin;C:\Users\DEV\AppData\Local\Microsoft\WindowsApps;E:\flutter\bin;;C:\Users\DEV\AppData\Local\Programs\Microsoft VS Code\bin;E:\eclipse-java-neon-3-win32\eclipse;;."/>
    <property name="java.vm.info" value="mixed mode, sharing"/>
    <property name="java.vendor" value="Oracle Corporation"/>
    <property name="java.vm.version" value="25.65-b01"/>
    <property name="java.ext.dirs" value="C:\Program Files (x86)\Java\jdk1.8.0_65\jre\lib\ext;C:\WINDOWS\Sun\Java\lib\ext"/>
    <property name="sun.io.unicode.encoding" value="UnicodeLittle"/>
    <property name="java.class.version" value="52.0"/>
  </properties>
  <testcase name="givenDataIsJson_whenDataIsPostedByPostForObject_thenResponseBodyIsNotNull" classname="com.dms.DeliveryStatusApplicationTests" time="0.001"/>
</testsuite>